TN:
SF:src\my-element.js
FN:7,get properties
FN:11,MyElement
FN:15,firstUpdated
FN:20,render
FNF:4
FNH:4
FNDA:1,get properties
FNDA:8,MyElement
FNDA:7,firstUpdated
FNDA:7,render
DA:1,1
DA:2,1
DA:3,1
DA:4,1
DA:5,1
DA:6,1
DA:7,1
DA:8,1
DA:9,1
DA:10,1
DA:11,1
DA:12,8
DA:13,8
DA:14,1
DA:15,1
DA:16,7
DA:17,7
DA:18,7
DA:19,1
DA:20,1
DA:21,7
DA:22,7
DA:23,7
DA:24,7
DA:25,7
DA:26,7
DA:27,1
DA:28,1
DA:29,1
LF:29
LH:29
BRDA:1,0,0,1
BRDA:7,1,0,1
BRDA:11,2,0,8
BRDA:15,3,0,7
BRDA:20,4,0,7
BRF:5
BRH:5
end_of_record
TN:
SF:src\router.js
FN:7,initRouter
FNF:1
FNH:1
FNDA:7,initRouter
DA:1,1
DA:2,1
DA:3,1
DA:4,1
DA:5,1
DA:6,1
DA:7,1
DA:8,7
DA:9,7
DA:10,7
DA:11,7
DA:12,7
DA:13,7
DA:14,7
DA:15,7
DA:16,1
LF:16
LH:16
BRDA:1,0,0,1
BRDA:7,1,0,7
BRF:2
BRH:2
end_of_record
TN:
SF:src\components\CustomNavbar\CustomNavbar.js
FN:5,get styles
FN:87,get properties
FN:93,CustomNavbarElement
FN:99,connectedCallback
FN:104,disconnectedCallback
FN:109,_handleLangChanged
FN:114,_handleLanguageChange
FN:118,render
FNF:8
FNH:8
FNDA:1,get styles
FNDA:1,get properties
FNDA:7,CustomNavbarElement
FNDA:7,connectedCallback
FNDA:7,disconnectedCallback
FNDA:2,_handleLangChanged
FNDA:2,_handleLanguageChange
FNDA:9,render
DA:1,1
DA:2,1
DA:3,1
DA:4,1
DA:5,1
DA:6,1
DA:7,1
DA:8,1
DA:9,1
DA:10,1
DA:11,1
DA:12,1
DA:13,1
DA:14,1
DA:15,1
DA:16,1
DA:17,1
DA:18,1
DA:19,1
DA:20,1
DA:21,1
DA:22,1
DA:23,1
DA:24,1
DA:25,1
DA:26,1
DA:27,1
DA:28,1
DA:29,1
DA:30,1
DA:31,1
DA:32,1
DA:33,1
DA:34,1
DA:35,1
DA:36,1
DA:37,1
DA:38,1
DA:39,1
DA:40,1
DA:41,1
DA:42,1
DA:43,1
DA:44,1
DA:45,1
DA:46,1
DA:47,1
DA:48,1
DA:49,1
DA:50,1
DA:51,1
DA:52,1
DA:53,1
DA:54,1
DA:55,1
DA:56,1
DA:57,1
DA:58,1
DA:59,1
DA:60,1
DA:61,1
DA:62,1
DA:63,1
DA:64,1
DA:65,1
DA:66,1
DA:67,1
DA:68,1
DA:69,1
DA:70,1
DA:71,1
DA:72,1
DA:73,1
DA:74,1
DA:75,1
DA:76,1
DA:77,1
DA:78,1
DA:79,1
DA:80,1
DA:81,1
DA:82,1
DA:83,1
DA:84,1
DA:85,1
DA:86,1
DA:87,1
DA:88,1
DA:89,1
DA:90,1
DA:91,1
DA:92,1
DA:93,1
DA:94,7
DA:95,7
DA:96,7
DA:97,7
DA:98,1
DA:99,1
DA:100,7
DA:101,7
DA:102,7
DA:103,1
DA:104,1
DA:105,7
DA:106,7
DA:107,7
DA:108,1
DA:109,1
DA:110,2
DA:111,2
DA:112,2
DA:113,1
DA:114,1
DA:115,2
DA:116,2
DA:117,1
DA:118,1
DA:119,9
DA:120,9
DA:121,9
DA:122,9
DA:123,9
DA:124,9
DA:125,9
DA:126,9
DA:127,9
DA:128,9
DA:129,9
DA:130,9
DA:131,9
DA:132,9
DA:133,9
DA:134,9
DA:135,9
DA:136,9
DA:137,9
DA:138,9
DA:139,9
DA:140,9
DA:141,9
DA:142,9
DA:143,9
DA:144,9
DA:145,9
DA:146,9
DA:147,9
DA:148,9
DA:149,9
DA:150,9
DA:151,9
DA:152,9
DA:153,9
DA:154,9
DA:155,9
DA:156,9
DA:157,1
DA:158,1
DA:159,1
LF:159
LH:159
BRDA:1,0,0,1
BRDA:5,1,0,1
BRDA:87,2,0,1
BRDA:93,3,0,7
BRDA:99,4,0,7
BRDA:104,5,0,7
BRDA:109,6,0,2
BRDA:114,7,0,2
BRDA:118,8,0,9
BRDA:140,9,0,4
BRDA:140,10,0,5
BRDA:147,11,0,5
BRDA:147,12,0,4
BRDA:141,13,0,1
BRDA:148,14,0,1
BRF:15
BRH:15
end_of_record
TN:
SF:src\components\EmployeeList\EmployeeList.js
FN:12,get styles
FN:201,get properties
FN:210,EmployeeListElement
FN:219,connectedCallback
FN:225,disconnectedCallback
FN:231,_handleEmployeesChanged
FN:236,_handleLangChanged
FN:241,_tableBody
FN:272,_listItem
FN:332,_handleEdit
FN:339,_handleDelete
FN:345,_renderTableView
FN:367,_renderListView
FN:375,_renderPagination
FN:398,render
FNF:15
FNH:13
FNDA:1,get styles
FNDA:1,get properties
FNDA:10,EmployeeListElement
FNDA:10,connectedCallback
FNDA:10,disconnectedCallback
FNDA:0,_handleEmployeesChanged
FNDA:2,_handleLangChanged
FNDA:5,_tableBody
FNDA:1,_listItem
FNDA:1,_handleEdit
FNDA:0,_handleDelete
FNDA:12,_renderTableView
FNDA:1,_renderListView
FNDA:13,_renderPagination
FNDA:13,render
DA:1,1
DA:2,1
DA:3,1
DA:4,1
DA:5,1
DA:6,1
DA:7,1
DA:8,1
DA:9,1
DA:10,1
DA:11,1
DA:12,1
DA:13,1
DA:14,1
DA:15,1
DA:16,1
DA:17,1
DA:18,1
DA:19,1
DA:20,1
DA:21,1
DA:22,1
DA:23,1
DA:24,1
DA:25,1
DA:26,1
DA:27,1
DA:28,1
DA:29,1
DA:30,1
DA:31,1
DA:32,1
DA:33,1
DA:34,1
DA:35,1
DA:36,1
DA:37,1
DA:38,1
DA:39,1
DA:40,1
DA:41,1
DA:42,1
DA:43,1
DA:44,1
DA:45,1
DA:46,1
DA:47,1
DA:48,1
DA:49,1
DA:50,1
DA:51,1
DA:52,1
DA:53,1
DA:54,1
DA:55,1
DA:56,1
DA:57,1
DA:58,1
DA:59,1
DA:60,1
DA:61,1
DA:62,1
DA:63,1
DA:64,1
DA:65,1
DA:66,1
DA:67,1
DA:68,1
DA:69,1
DA:70,1
DA:71,1
DA:72,1
DA:73,1
DA:74,1
DA:75,1
DA:76,1
DA:77,1
DA:78,1
DA:79,1
DA:80,1
DA:81,1
DA:82,1
DA:83,1
DA:84,1
DA:85,1
DA:86,1
DA:87,1
DA:88,1
DA:89,1
DA:90,1
DA:91,1
DA:92,1
DA:93,1
DA:94,1
DA:95,1
DA:96,1
DA:97,1
DA:98,1
DA:99,1
DA:100,1
DA:101,1
DA:102,1
DA:103,1
DA:104,1
DA:105,1
DA:106,1
DA:107,1
DA:108,1
DA:109,1
DA:110,1
DA:111,1
DA:112,1
DA:113,1
DA:114,1
DA:115,1
DA:116,1
DA:117,1
DA:118,1
DA:119,1
DA:120,1
DA:121,1
DA:122,1
DA:123,1
DA:124,1
DA:125,1
DA:126,1
DA:127,1
DA:128,1
DA:129,1
DA:130,1
DA:131,1
DA:132,1
DA:133,1
DA:134,1
DA:135,1
DA:136,1
DA:137,1
DA:138,1
DA:139,1
DA:140,1
DA:141,1
DA:142,1
DA:143,1
DA:144,1
DA:145,1
DA:146,1
DA:147,1
DA:148,1
DA:149,1
DA:150,1
DA:151,1
DA:152,1
DA:153,1
DA:154,1
DA:155,1
DA:156,1
DA:157,1
DA:158,1
DA:159,1
DA:160,1
DA:161,1
DA:162,1
DA:163,1
DA:164,1
DA:165,1
DA:166,1
DA:167,1
DA:168,1
DA:169,1
DA:170,1
DA:171,1
DA:172,1
DA:173,1
DA:174,1
DA:175,1
DA:176,1
DA:177,1
DA:178,1
DA:179,1
DA:180,1
DA:181,1
DA:182,1
DA:183,1
DA:184,1
DA:185,1
DA:186,1
DA:187,1
DA:188,1
DA:189,1
DA:190,1
DA:191,1
DA:192,1
DA:193,1
DA:194,1
DA:195,1
DA:196,1
DA:197,1
DA:198,1
DA:199,1
DA:200,1
DA:201,1
DA:202,1
DA:203,1
DA:204,1
DA:205,1
DA:206,1
DA:207,1
DA:208,1
DA:209,1
DA:210,1
DA:211,10
DA:212,10
DA:213,10
DA:214,10
DA:215,10
DA:216,10
DA:217,10
DA:218,1
DA:219,1
DA:220,10
DA:221,10
DA:222,10
DA:223,10
DA:224,1
DA:225,1
DA:226,10
DA:227,10
DA:228,10
DA:229,10
DA:230,1
DA:231,1
DA:232,0
DA:233,0
DA:234,0
DA:235,1
DA:236,1
DA:237,2
DA:238,2
DA:239,2
DA:240,1
DA:241,1
DA:242,5
DA:243,5
DA:244,5
DA:245,5
DA:246,5
DA:247,5
DA:248,5
DA:249,5
DA:250,5
DA:251,5
DA:252,5
DA:253,5
DA:254,5
DA:255,5
DA:256,5
DA:257,5
DA:258,5
DA:259,5
DA:260,5
DA:261,5
DA:262,5
DA:263,5
DA:264,5
DA:265,5
DA:266,5
DA:267,5
DA:268,5
DA:269,5
DA:270,5
DA:271,1
DA:272,1
DA:273,1
DA:274,1
DA:275,1
DA:276,1
DA:277,1
DA:278,1
DA:279,1
DA:280,1
DA:281,1
DA:282,1
DA:283,1
DA:284,1
DA:285,1
DA:286,1
DA:287,1
DA:288,1
DA:289,1
DA:290,1
DA:291,1
DA:292,1
DA:293,1
DA:294,1
DA:295,1
DA:296,1
DA:297,1
DA:298,1
DA:299,1
DA:300,1
DA:301,1
DA:302,1
DA:303,1
DA:304,1
DA:305,1
DA:306,1
DA:307,1
DA:308,1
DA:309,1
DA:310,1
DA:311,1
DA:312,1
DA:313,1
DA:314,1
DA:315,1
DA:316,1
DA:317,1
DA:318,1
DA:319,1
DA:320,1
DA:321,1
DA:322,1
DA:323,1
DA:324,1
DA:325,1
DA:326,1
DA:327,1
DA:328,1
DA:329,1
DA:330,1
DA:331,1
DA:332,1
DA:333,1
DA:334,1
DA:335,1
DA:336,1
DA:337,1
DA:338,1
DA:339,1
DA:340,0
DA:341,0
DA:342,0
DA:343,0
DA:344,1
DA:345,1
DA:346,12
DA:347,12
DA:348,12
DA:349,12
DA:350,12
DA:351,12
DA:352,12
DA:353,12
DA:354,12
DA:355,12
DA:356,12
DA:357,12
DA:358,12
DA:359,12
DA:360,12
DA:361,12
DA:362,12
DA:363,12
DA:364,12
DA:365,12
DA:366,1
DA:367,1
DA:368,1
DA:369,1
DA:370,1
DA:371,1
DA:372,1
DA:373,1
DA:374,1
DA:375,1
DA:376,13
DA:377,13
DA:378,13
DA:379,13
DA:380,6
DA:381,6
DA:382,6
DA:383,6
DA:384,6
DA:385,0
DA:386,0
DA:387,6
DA:388,6
DA:389,6
DA:390,6
DA:391,6
DA:392,6
DA:393,13
DA:394,13
DA:395,13
DA:396,13
DA:397,1
DA:398,1
DA:399,13
DA:400,13
DA:401,13
DA:402,13
DA:403,13
DA:404,13
DA:405,13
DA:406,13
DA:407,13
DA:408,13
DA:409,13
DA:410,13
DA:411,13
DA:412,13
DA:413,13
DA:414,13
DA:415,13
DA:416,13
DA:417,13
DA:418,1
DA:419,1
DA:420,1
LF:420
LH:411
BRDA:1,0,0,1
BRDA:12,1,0,1
BRDA:201,2,0,1
BRDA:210,3,0,10
BRDA:219,4,0,10
BRDA:225,5,0,10
BRDA:236,6,0,2
BRDA:241,7,0,5
BRDA:255,8,0,1
BRDA:272,9,0,1
BRDA:332,10,0,1
BRDA:345,11,0,12
BRDA:361,12,0,5
BRDA:367,13,0,1
BRDA:370,14,0,1
BRDA:375,15,0,13
BRDA:379,16,0,6
BRDA:383,17,0,0
BRDA:398,18,0,13
BRDA:411,19,0,12
BRDA:412,20,0,1
BRF:21
BRH:20
end_of_record
TN:
SF:src\constants\index.js
FNF:0
FNH:0
DA:1,1
DA:2,1
DA:3,1
LF:3
LH:3
BRDA:1,0,0,1
BRF:1
BRH:1
end_of_record
TN:
SF:src\constants\locales.js
FNF:0
FNH:0
DA:1,1
DA:2,1
DA:3,1
DA:4,1
DA:5,1
DA:6,1
DA:7,1
DA:8,1
DA:9,1
DA:10,1
DA:11,1
DA:12,1
DA:13,1
DA:14,1
DA:15,1
DA:16,1
DA:17,1
DA:18,1
DA:19,1
DA:20,1
DA:21,1
DA:22,1
DA:23,1
DA:24,1
DA:25,1
DA:26,1
DA:27,1
DA:28,1
DA:29,1
DA:30,1
DA:31,1
DA:32,1
DA:33,1
DA:34,1
DA:35,1
DA:36,1
DA:37,1
DA:38,1
DA:39,1
DA:40,1
DA:41,1
DA:42,1
DA:43,1
DA:44,1
DA:45,1
DA:46,1
DA:47,1
DA:48,1
DA:49,1
DA:50,1
DA:51,1
DA:52,1
DA:53,1
DA:54,1
DA:55,1
DA:56,1
DA:57,1
DA:58,1
DA:59,1
DA:60,1
DA:61,1
DA:62,1
DA:63,1
DA:64,1
DA:65,1
DA:66,1
DA:67,1
DA:68,1
DA:69,1
DA:70,1
DA:71,1
DA:72,1
DA:73,1
DA:74,1
DA:75,1
DA:76,1
DA:77,1
DA:78,1
DA:79,1
DA:80,1
DA:81,1
DA:82,1
DA:83,1
DA:84,1
DA:85,1
DA:86,1
DA:87,1
DA:88,1
DA:89,1
DA:90,1
DA:91,1
DA:92,1
DA:93,1
DA:94,1
DA:95,1
DA:96,1
DA:97,1
DA:98,1
DA:99,1
DA:100,1
DA:101,1
DA:102,1
DA:103,1
DA:104,1
DA:105,1
DA:106,1
DA:107,1
DA:108,1
DA:109,1
DA:110,1
DA:111,1
DA:112,1
DA:113,1
DA:114,1
DA:115,1
DA:116,1
DA:117,1
DA:118,1
DA:119,1
DA:120,1
DA:121,1
DA:122,1
DA:123,1
DA:124,1
DA:125,1
DA:126,1
DA:127,1
DA:128,1
DA:129,1
DA:130,1
DA:131,1
DA:132,1
LF:132
LH:132
BRDA:1,0,0,1
BRF:1
BRH:1
end_of_record
TN:
SF:src\pages\add-employee.js
FN:9,get styles
FN:97,get properties
FN:104,AddEmployeeElement
FN:111,connectedCallback
FN:116,disconnectedCallback
FN:121,_handleLangChanged
FN:126,handleInput
FN:140,handleSubmit
FN:158,render
FNF:9
FNH:7
FNDA:1,get styles
FNDA:1,get properties
FNDA:6,AddEmployeeElement
FNDA:2,connectedCallback
FNDA:2,disconnectedCallback
FNDA:0,_handleLangChanged
FNDA:0,handleInput
FNDA:1,handleSubmit
FNDA:3,render
DA:1,1
DA:2,1
DA:3,1
DA:4,1
DA:5,1
DA:6,1
DA:7,1
DA:8,1
DA:9,1
DA:10,1
DA:11,1
DA:12,1
DA:13,1
DA:14,1
DA:15,1
DA:16,1
DA:17,1
DA:18,1
DA:19,1
DA:20,1
DA:21,1
DA:22,1
DA:23,1
DA:24,1
DA:25,1
DA:26,1
DA:27,1
DA:28,1
DA:29,1
DA:30,1
DA:31,1
DA:32,1
DA:33,1
DA:34,1
DA:35,1
DA:36,1
DA:37,1
DA:38,1
DA:39,1
DA:40,1
DA:41,1
DA:42,1
DA:43,1
DA:44,1
DA:45,1
DA:46,1
DA:47,1
DA:48,1
DA:49,1
DA:50,1
DA:51,1
DA:52,1
DA:53,1
DA:54,1
DA:55,1
DA:56,1
DA:57,1
DA:58,1
DA:59,1
DA:60,1
DA:61,1
DA:62,1
DA:63,1
DA:64,1
DA:65,1
DA:66,1
DA:67,1
DA:68,1
DA:69,1
DA:70,1
DA:71,1
DA:72,1
DA:73,1
DA:74,1
DA:75,1
DA:76,1
DA:77,1
DA:78,1
DA:79,1
DA:80,1
DA:81,1
DA:82,1
DA:83,1
DA:84,1
DA:85,1
DA:86,1
DA:87,1
DA:88,1
DA:89,1
DA:90,1
DA:91,1
DA:92,1
DA:93,1
DA:94,1
DA:95,1
DA:96,1
DA:97,1
DA:98,1
DA:99,1
DA:100,1
DA:101,1
DA:102,1
DA:103,1
DA:104,1
DA:105,6
DA:106,6
DA:107,6
DA:108,6
DA:109,6
DA:110,1
DA:111,1
DA:112,2
DA:113,2
DA:114,2
DA:115,1
DA:116,1
DA:117,2
DA:118,2
DA:119,2
DA:120,1
DA:121,1
DA:122,0
DA:123,0
DA:124,0
DA:125,1
DA:126,1
DA:127,0
DA:128,0
DA:129,0
DA:130,0
DA:131,0
DA:132,0
DA:133,0
DA:134,0
DA:135,0
DA:136,0
DA:137,0
DA:138,0
DA:139,1
DA:140,1
DA:141,1
DA:142,1
DA:143,1
DA:144,1
DA:145,1
DA:146,1
DA:147,1
DA:148,1
DA:149,1
DA:150,1
DA:151,1
DA:152,1
DA:153,1
DA:154,1
DA:155,1
DA:156,1
DA:157,1
DA:158,1
DA:159,3
DA:160,3
DA:161,3
DA:162,3
DA:163,3
DA:164,3
DA:165,3
DA:166,3
DA:167,3
DA:168,3
DA:169,3
DA:170,3
DA:171,3
DA:172,3
DA:173,3
DA:174,3
DA:175,3
DA:176,3
DA:177,3
DA:178,3
DA:179,3
DA:180,3
DA:181,3
DA:182,3
DA:183,3
DA:184,3
DA:185,3
DA:186,3
DA:187,3
DA:188,3
DA:189,3
DA:190,3
DA:191,3
DA:192,3
DA:193,3
DA:194,3
DA:195,3
DA:196,3
DA:197,3
DA:198,3
DA:199,3
DA:200,3
DA:201,3
DA:202,3
DA:203,3
DA:204,3
DA:205,3
DA:206,3
DA:207,3
DA:208,3
DA:209,3
DA:210,3
DA:211,3
DA:212,3
DA:213,3
DA:214,3
DA:215,3
DA:216,3
DA:217,3
DA:218,3
DA:219,3
DA:220,3
DA:221,3
DA:222,3
DA:223,3
DA:224,3
DA:225,3
DA:226,3
DA:227,3
DA:228,3
DA:229,3
DA:230,3
DA:231,3
DA:232,3
DA:233,3
DA:234,3
DA:235,3
DA:236,3
DA:237,3
DA:238,3
DA:239,3
DA:240,3
DA:241,3
DA:242,3
DA:243,3
DA:244,3
DA:245,3
DA:246,3
DA:247,3
DA:248,3
DA:249,3
DA:250,3
DA:251,3
DA:252,3
DA:253,3
DA:254,3
DA:255,3
DA:256,3
DA:257,3
DA:258,3
DA:259,3
DA:260,3
DA:261,3
DA:262,3
DA:263,3
DA:264,3
DA:265,3
DA:266,3
DA:267,3
DA:268,1
DA:269,1
DA:270,1
LF:270
LH:255
BRDA:1,0,0,1
BRDA:9,1,0,1
BRDA:97,2,0,1
BRDA:104,3,0,6
BRDA:111,4,0,2
BRDA:116,5,0,2
BRDA:140,6,0,1
BRDA:158,7,0,3
BRDA:171,8,0,0
BRDA:186,9,0,0
BRDA:200,10,0,0
BRDA:214,11,0,0
BRDA:229,12,0,0
BRDA:245,13,0,0
BRDA:257,14,0,15
BRF:15
BRH:9
end_of_record
TN:
SF:src\pages\edit-employee.js
FN:9,get styles
FN:113,get properties
FN:121,EditEmployeeElement
FN:129,connectedCallback
FN:142,disconnectedCallback
FN:147,_getEmployeeFromUrl
FN:152,_handleLangChanged
FN:157,handleInputChange
FN:164,handleSubmit
FN:177,handleCancel
FN:181,render
FNF:11
FNH:8
FNDA:1,get styles
FNDA:1,get properties
FNDA:5,EditEmployeeElement
FNDA:1,connectedCallback
FNDA:1,disconnectedCallback
FNDA:1,_getEmployeeFromUrl
FNDA:0,_handleLangChanged
FNDA:0,handleInputChange
FNDA:1,handleSubmit
FNDA:0,handleCancel
FNDA:2,render
DA:1,1
DA:2,1
DA:3,1
DA:4,1
DA:5,1
DA:6,1
DA:7,1
DA:8,1
DA:9,1
DA:10,1
DA:11,1
DA:12,1
DA:13,1
DA:14,1
DA:15,1
DA:16,1
DA:17,1
DA:18,1
DA:19,1
DA:20,1
DA:21,1
DA:22,1
DA:23,1
DA:24,1
DA:25,1
DA:26,1
DA:27,1
DA:28,1
DA:29,1
DA:30,1
DA:31,1
DA:32,1
DA:33,1
DA:34,1
DA:35,1
DA:36,1
DA:37,1
DA:38,1
DA:39,1
DA:40,1
DA:41,1
DA:42,1
DA:43,1
DA:44,1
DA:45,1
DA:46,1
DA:47,1
DA:48,1
DA:49,1
DA:50,1
DA:51,1
DA:52,1
DA:53,1
DA:54,1
DA:55,1
DA:56,1
DA:57,1
DA:58,1
DA:59,1
DA:60,1
DA:61,1
DA:62,1
DA:63,1
DA:64,1
DA:65,1
DA:66,1
DA:67,1
DA:68,1
DA:69,1
DA:70,1
DA:71,1
DA:72,1
DA:73,1
DA:74,1
DA:75,1
DA:76,1
DA:77,1
DA:78,1
DA:79,1
DA:80,1
DA:81,1
DA:82,1
DA:83,1
DA:84,1
DA:85,1
DA:86,1
DA:87,1
DA:88,1
DA:89,1
DA:90,1
DA:91,1
DA:92,1
DA:93,1
DA:94,1
DA:95,1
DA:96,1
DA:97,1
DA:98,1
DA:99,1
DA:100,1
DA:101,1
DA:102,1
DA:103,1
DA:104,1
DA:105,1
DA:106,1
DA:107,1
DA:108,1
DA:109,1
DA:110,1
DA:111,1
DA:112,1
DA:113,1
DA:114,1
DA:115,1
DA:116,1
DA:117,1
DA:118,1
DA:119,1
DA:120,1
DA:121,1
DA:122,5
DA:123,5
DA:124,5
DA:125,5
DA:126,5
DA:127,5
DA:128,1
DA:129,1
DA:130,1
DA:131,1
DA:132,1
DA:133,1
DA:134,1
DA:135,1
DA:136,0
DA:137,0
DA:138,1
DA:139,1
DA:140,1
DA:141,1
DA:142,1
DA:143,1
DA:144,1
DA:145,1
DA:146,1
DA:147,1
DA:148,1
DA:149,1
DA:150,1
DA:151,1
DA:152,1
DA:153,0
DA:154,0
DA:155,0
DA:156,1
DA:157,1
DA:158,0
DA:159,0
DA:160,0
DA:161,0
DA:162,0
DA:163,1
DA:164,1
DA:165,1
DA:166,1
DA:167,1
DA:168,1
DA:169,1
DA:170,1
DA:171,1
DA:172,1
DA:173,1
DA:174,1
DA:175,1
DA:176,1
DA:177,1
DA:178,0
DA:179,0
DA:180,1
DA:181,1
DA:182,2
DA:183,2
DA:184,2
DA:185,2
DA:186,2
DA:187,2
DA:188,2
DA:189,2
DA:190,2
DA:191,2
DA:192,2
DA:193,2
DA:194,2
DA:195,2
DA:196,2
DA:197,2
DA:198,2
DA:199,2
DA:200,2
DA:201,2
DA:202,2
DA:203,2
DA:204,2
DA:205,2
DA:206,2
DA:207,2
DA:208,2
DA:209,2
DA:210,2
DA:211,2
DA:212,2
DA:213,2
DA:214,2
DA:215,2
DA:216,2
DA:217,2
DA:218,2
DA:219,2
DA:220,2
DA:221,2
DA:222,2
DA:223,2
DA:224,2
DA:225,2
DA:226,2
DA:227,2
DA:228,2
DA:229,2
DA:230,2
DA:231,2
DA:232,2
DA:233,2
DA:234,2
DA:235,2
DA:236,2
DA:237,2
DA:238,2
DA:239,2
DA:240,2
DA:241,2
DA:242,2
DA:243,2
DA:244,2
DA:245,2
DA:246,2
DA:247,2
DA:248,2
DA:249,2
DA:250,2
DA:251,2
DA:252,2
DA:253,2
DA:254,2
DA:255,10
DA:256,10
DA:257,10
DA:258,10
DA:259,10
DA:260,10
DA:261,2
DA:262,2
DA:263,2
DA:264,2
DA:265,2
DA:266,2
DA:267,2
DA:268,2
DA:269,2
DA:270,2
DA:271,2
DA:272,2
DA:273,2
DA:274,2
DA:275,2
DA:276,2
DA:277,2
DA:278,2
DA:279,2
DA:280,2
DA:281,2
DA:282,2
DA:283,1
DA:284,1
DA:285,1
LF:285
LH:273
BRDA:1,0,0,1
BRDA:9,1,0,1
BRDA:113,2,0,1
BRDA:121,3,0,5
BRDA:129,4,0,1
BRDA:135,5,0,0
BRDA:142,6,0,1
BRDA:147,7,0,1
BRDA:149,8,0,1
BRDA:164,9,0,1
BRDA:181,10,0,2
BRDA:190,11,0,0
BRDA:194,12,0,0
BRDA:205,13,0,0
BRDA:209,14,0,0
BRDA:220,15,0,0
BRDA:224,16,0,0
BRDA:235,17,0,0
BRDA:239,18,0,0
BRDA:249,19,0,0
BRDA:263,20,0,0
BRDA:254,21,0,10
BRF:22
BRH:11
end_of_record
TN:
SF:src\pages\home-page.js
FN:7,get styles
FN:48,get properties
FN:55,HomePageElement
FN:62,connectedCallback
FN:67,disconnectedCallback
FN:72,_handleLangChanged
FN:76,_handleDisplayModeChange
FN:80,render
FNF:8
FNH:8
FNDA:1,get styles
FNDA:1,get properties
FNDA:24,HomePageElement
FNDA:10,connectedCallback
FNDA:10,disconnectedCallback
FNDA:2,_handleLangChanged
FNDA:2,_handleDisplayModeChange
FNDA:12,render
DA:1,1
DA:2,1
DA:3,1
DA:4,1
DA:5,1
DA:6,1
DA:7,1
DA:8,1
DA:9,1
DA:10,1
DA:11,1
DA:12,1
DA:13,1
DA:14,1
DA:15,1
DA:16,1
DA:17,1
DA:18,1
DA:19,1
DA:20,1
DA:21,1
DA:22,1
DA:23,1
DA:24,1
DA:25,1
DA:26,1
DA:27,1
DA:28,1
DA:29,1
DA:30,1
DA:31,1
DA:32,1
DA:33,1
DA:34,1
DA:35,1
DA:36,1
DA:37,1
DA:38,1
DA:39,1
DA:40,1
DA:41,1
DA:42,1
DA:43,1
DA:44,1
DA:45,1
DA:46,1
DA:47,1
DA:48,1
DA:49,1
DA:50,1
DA:51,1
DA:52,1
DA:53,1
DA:54,1
DA:55,1
DA:56,24
DA:57,24
DA:58,24
DA:59,24
DA:60,24
DA:61,1
DA:62,1
DA:63,10
DA:64,10
DA:65,10
DA:66,1
DA:67,1
DA:68,10
DA:69,10
DA:70,10
DA:71,1
DA:72,1
DA:73,2
DA:74,2
DA:75,1
DA:76,1
DA:77,2
DA:78,2
DA:79,1
DA:80,1
DA:81,12
DA:82,12
DA:83,12
DA:84,12
DA:85,12
DA:86,12
DA:87,12
DA:88,12
DA:89,12
DA:90,12
DA:91,12
DA:92,12
DA:93,12
DA:94,12
DA:95,12
DA:96,12
DA:97,12
DA:98,12
DA:99,12
DA:100,12
DA:101,12
DA:102,12
DA:103,12
DA:104,12
DA:105,12
DA:106,1
DA:107,1
DA:108,1
LF:108
LH:108
BRDA:1,0,0,1
BRDA:7,1,0,1
BRDA:48,2,0,1
BRDA:55,3,0,24
BRDA:62,4,0,10
BRDA:67,5,0,10
BRDA:72,6,0,2
BRDA:76,7,0,2
BRDA:80,8,0,12
BRDA:88,9,0,11
BRDA:89,10,0,1
BRDA:96,11,0,1
BRDA:96,12,0,11
BRDA:90,13,0,1
BRDA:97,14,0,1
BRF:15
BRH:15
end_of_record
TN:
SF:src\pages\not-found-page.js
FN:4,<static_initializer>
FN:12,render
FNF:2
FNH:2
FNDA:1,<static_initializer>
FNDA:1,render
DA:1,1
DA:2,1
DA:3,1
DA:4,1
DA:5,1
DA:6,1
DA:7,1
DA:8,1
DA:9,1
DA:10,1
DA:11,1
DA:12,1
DA:13,1
DA:14,1
DA:15,1
DA:16,1
DA:17,1
LF:17
LH:17
BRDA:1,0,0,1
BRDA:4,1,0,1
BRDA:12,2,0,1
BRF:3
BRH:3
end_of_record
TN:
SF:src\store\index.js
FN:2,EmployeeStore
FN:7,loadEmployees
FN:12,saveEmployees
FN:16,get employees
FN:20,addEmployee
FN:30,updateEmployee
FN:45,deleteEmployee
FN:57,addListener
FN:61,removeListener
FN:65,notifyListeners
FNF:10
FNH:9
FNDA:1,EmployeeStore
FNDA:1,loadEmployees
FNDA:2,saveEmployees
FNDA:11,get employees
FNDA:1,addEmployee
FNDA:1,updateEmployee
FNDA:0,deleteEmployee
FNDA:10,addListener
FNDA:10,removeListener
FNDA:2,notifyListeners
DA:1,1
DA:2,1
DA:3,1
DA:4,1
DA:5,1
DA:6,1
DA:7,1
DA:8,1
DA:9,1
DA:10,1
DA:11,1
DA:12,1
DA:13,2
DA:14,2
DA:15,1
DA:16,1
DA:17,11
DA:18,11
DA:19,1
DA:20,1
DA:21,1
DA:22,1
DA:23,1
DA:24,1
DA:25,1
DA:26,1
DA:27,1
DA:28,1
DA:29,1
DA:30,1
DA:31,1
DA:32,1
DA:33,1
DA:34,1
DA:35,1
DA:36,1
DA:37,1
DA:38,1
DA:39,1
DA:40,1
DA:41,1
DA:42,1
DA:43,1
DA:44,1
DA:45,1
DA:46,0
DA:47,0
DA:48,0
DA:49,0
DA:50,0
DA:51,0
DA:52,0
DA:53,0
DA:54,0
DA:55,0
DA:56,1
DA:57,1
DA:58,10
DA:59,10
DA:60,1
DA:61,1
DA:62,10
DA:63,10
DA:64,1
DA:65,1
DA:66,2
DA:67,2
DA:68,1
DA:69,1
DA:70,1
LF:70
LH:60
BRDA:1,0,0,1
BRDA:2,1,0,1
BRDA:7,2,0,1
BRDA:9,3,0,0
BRDA:12,4,0,2
BRDA:16,5,0,11
BRDA:20,6,0,1
BRDA:30,7,0,1
BRDA:32,8,0,1
BRDA:57,9,0,10
BRDA:61,10,0,10
BRDA:65,11,0,2
BRF:12
BRH:11
end_of_record
TN:
SF:src\utils\localization.js
FN:4,Localization
FN:9,get currentLang
FN:13,set currentLang
FN:21,t
FN:33,addListener
FN:37,removeListener
FN:41,notifyListeners
FNF:7
FNH:7
FNDA:1,Localization
FNDA:52,get currentLang
FNDA:2,set currentLang
FNDA:214,t
FNDA:30,addListener
FNDA:30,removeListener
FNDA:2,notifyListeners
DA:1,1
DA:2,1
DA:3,1
DA:4,1
DA:5,1
DA:6,1
DA:7,1
DA:8,1
DA:9,1
DA:10,52
DA:11,52
DA:12,1
DA:13,1
DA:14,2
DA:15,2
DA:16,2
DA:17,2
DA:18,2
DA:19,2
DA:20,1
DA:21,1
DA:22,214
DA:23,214
DA:24,214
DA:25,214
DA:26,428
DA:27,428
DA:28,428
DA:29,214
DA:30,214
DA:31,214
DA:32,1
DA:33,1
DA:34,30
DA:35,30
DA:36,1
DA:37,1
DA:38,30
DA:39,30
DA:40,1
DA:41,1
DA:42,2
DA:43,2
DA:44,1
DA:45,1
DA:46,1
LF:46
LH:46
BRDA:1,0,0,1
BRDA:4,1,0,1
BRDA:9,2,0,52
BRDA:13,3,0,2
BRDA:21,4,0,214
BRDA:25,5,0,428
BRDA:27,6,0,0
BRDA:33,7,0,30
BRDA:37,8,0,30
BRDA:41,9,0,2
BRDA:42,10,0,6
BRF:11
BRH:10
end_of_record
TN:
SF:src\utils\pagination.js
FN:1,paginate
FN:7,getTotalPages
FN:11,getPageNumbers
FNF:3
FNH:3
FNDA:13,paginate
FNDA:13,getTotalPages
FNDA:13,getPageNumbers
DA:1,1
DA:2,13
DA:3,13
DA:4,13
DA:5,1
DA:6,1
DA:7,1
DA:8,13
DA:9,1
DA:10,1
DA:11,1
DA:12,13
DA:13,1
LF:13
LH:13
BRDA:1,0,0,1
BRDA:1,1,0,13
BRDA:7,2,0,13
BRDA:11,3,0,13
BRDA:12,4,0,6
BRF:5
BRH:5
end_of_record
TN:
SF:src\utils\validation.js
FN:11,validate
FN:19,validate
FN:28,validate
FN:40,validateField
FN:53,validateForm
FNF:5
FNH:3
FNDA:0,validate
FNDA:0,validate
FNDA:2,validate
FNDA:4,validateField
FNDA:2,validateForm
DA:1,1
DA:2,1
DA:3,1
DA:4,1
DA:5,1
DA:6,1
DA:7,1
DA:8,1
DA:9,1
DA:10,1
DA:11,1
DA:12,0
DA:13,0
DA:14,0
DA:15,1
DA:16,1
DA:17,1
DA:18,1
DA:19,1
DA:20,0
DA:21,0
DA:22,0
DA:23,0
DA:24,1
DA:25,1
DA:26,1
DA:27,1
DA:28,1
DA:29,2
DA:30,2
DA:31,1
DA:32,1
DA:33,1
DA:34,1
DA:35,1
DA:36,1
DA:37,1
DA:38,1
DA:39,1
DA:40,1
DA:41,4
DA:42,4
DA:43,4
DA:44,4
DA:45,2
DA:46,2
DA:47,2
DA:48,2
DA:49,0
DA:50,0
DA:51,1
DA:52,1
DA:53,1
DA:54,2
DA:55,2
DA:56,2
DA:57,2
DA:58,2
DA:59,2
DA:60,2
DA:61,2
DA:62,2
DA:63,2
DA:64,10
DA:65,0
DA:66,0
DA:67,2
DA:68,2
DA:69,2
DA:70,0
DA:71,0
DA:72,2
DA:73,2
DA:74,2
DA:75,2
DA:76,2
DA:77,0
DA:78,0
DA:79,2
DA:80,2
DA:81,1
LF:81
LH:66
BRDA:1,0,0,1
BRDA:28,1,0,2
BRDA:40,2,0,4
BRDA:42,3,0,0
BRDA:44,4,0,2
BRDA:49,5,0,0
BRDA:53,6,0,2
BRDA:69,7,0,0
BRDA:76,8,0,0
BRDA:63,9,0,10
BRDA:64,10,0,0
BRF:11
BRH:6
end_of_record
